<?xml version="1.0" encoding="UTF-8"?>
<testsuite xmlns:xsi="http://www.w3.org/2001/XMLSchema-instance" xsi:noNamespaceSchemaLocation="https://maven.apache.org/surefire/maven-surefire-plugin/xsd/surefire-test-report.xsd" version="3.0.2" name="com.spring.camelLearn.CamelLearnApplicationTests" time="1.817" tests="1" errors="0" skipped="0" failures="0">
  <properties>
    <property name="java.specification.version" value="23"/>
    <property name="sun.jnu.encoding" value="UTF-8"/>
    <property name="java.class.path" value="/Users/manishkumarpandey/Desktop/projects/camel/camelLearn/target/test-classes:/Users/manishkumarpandey/Desktop/projects/camel/camelLearn/target/classes:/Users/manishkumarpandey/.m2/repository/org/springframework/boot/spring-boot-starter-actuator/3.4.2/spring-boot-starter-actuator-3.4.2.jar:/Users/manishkumarpandey/.m2/repository/org/springframework/boot/spring-boot-starter/3.4.2/spring-boot-starter-3.4.2.jar:/Users/manishkumarpandey/.m2/repository/org/springframework/boot/spring-boot-starter-logging/3.4.2/spring-boot-starter-logging-3.4.2.jar:/Users/manishkumarpandey/.m2/repository/ch/qos/logback/logback-classic/1.5.16/logback-classic-1.5.16.jar:/Users/manishkumarpandey/.m2/repository/ch/qos/logback/logback-core/1.5.16/logback-core-1.5.16.jar:/Users/manishkumarpandey/.m2/repository/org/apache/logging/log4j/log4j-to-slf4j/2.24.3/log4j-to-slf4j-2.24.3.jar:/Users/manishkumarpandey/.m2/repository/org/apache/logging/log4j/log4j-api/2.24.3/log4j-api-2.24.3.jar:/Users/manishkumarpandey/.m2/repository/org/slf4j/jul-to-slf4j/2.0.16/jul-to-slf4j-2.0.16.jar:/Users/manishkumarpandey/.m2/repository/jakarta/annotation/jakarta.annotation-api/2.1.1/jakarta.annotation-api-2.1.1.jar:/Users/manishkumarpandey/.m2/repository/org/yaml/snakeyaml/2.3/snakeyaml-2.3.jar:/Users/manishkumarpandey/.m2/repository/org/springframework/boot/spring-boot-actuator-autoconfigure/3.4.2/spring-boot-actuator-autoconfigure-3.4.2.jar:/Users/manishkumarpandey/.m2/repository/org/springframework/boot/spring-boot-actuator/3.4.2/spring-boot-actuator-3.4.2.jar:/Users/manishkumarpandey/.m2/repository/com/fasterxml/jackson/core/jackson-databind/2.18.2/jackson-databind-2.18.2.jar:/Users/manishkumarpandey/.m2/repository/com/fasterxml/jackson/core/jackson-annotations/2.18.2/jackson-annotations-2.18.2.jar:/Users/manishkumarpandey/.m2/repository/com/fasterxml/jackson/core/jackson-core/2.18.2/jackson-core-2.18.2.jar:/Users/manishkumarpandey/.m2/repository/com/fasterxml/jackson/datatype/jackson-datatype-jsr310/2.18.2/jackson-datatype-jsr310-2.18.2.jar:/Users/manishkumarpandey/.m2/repository/io/micrometer/micrometer-observation/1.14.3/micrometer-observation-1.14.3.jar:/Users/manishkumarpandey/.m2/repository/io/micrometer/micrometer-commons/1.14.3/micrometer-commons-1.14.3.jar:/Users/manishkumarpandey/.m2/repository/io/micrometer/micrometer-jakarta9/1.14.3/micrometer-jakarta9-1.14.3.jar:/Users/manishkumarpandey/.m2/repository/io/micrometer/micrometer-core/1.14.3/micrometer-core-1.14.3.jar:/Users/manishkumarpandey/.m2/repository/org/hdrhistogram/HdrHistogram/2.2.2/HdrHistogram-2.2.2.jar:/Users/manishkumarpandey/.m2/repository/org/latencyutils/LatencyUtils/2.0.3/LatencyUtils-2.0.3.jar:/Users/manishkumarpandey/.m2/repository/org/springframework/boot/spring-boot-starter-web/3.4.2/spring-boot-starter-web-3.4.2.jar:/Users/manishkumarpandey/.m2/repository/org/springframework/boot/spring-boot-starter-json/3.4.2/spring-boot-starter-json-3.4.2.jar:/Users/manishkumarpandey/.m2/repository/com/fasterxml/jackson/datatype/jackson-datatype-jdk8/2.18.2/jackson-datatype-jdk8-2.18.2.jar:/Users/manishkumarpandey/.m2/repository/com/fasterxml/jackson/module/jackson-module-parameter-names/2.18.2/jackson-module-parameter-names-2.18.2.jar:/Users/manishkumarpandey/.m2/repository/org/springframework/boot/spring-boot-starter-tomcat/3.4.2/spring-boot-starter-tomcat-3.4.2.jar:/Users/manishkumarpandey/.m2/repository/org/apache/tomcat/embed/tomcat-embed-core/10.1.34/tomcat-embed-core-10.1.34.jar:/Users/manishkumarpandey/.m2/repository/org/apache/tomcat/embed/tomcat-embed-el/10.1.34/tomcat-embed-el-10.1.34.jar:/Users/manishkumarpandey/.m2/repository/org/apache/tomcat/embed/tomcat-embed-websocket/10.1.34/tomcat-embed-websocket-10.1.34.jar:/Users/manishkumarpandey/.m2/repository/org/springframework/spring-web/6.2.2/spring-web-6.2.2.jar:/Users/manishkumarpandey/.m2/repository/org/springframework/spring-beans/6.2.2/spring-beans-6.2.2.jar:/Users/manishkumarpandey/.m2/repository/org/springframework/spring-webmvc/6.2.2/spring-webmvc-6.2.2.jar:/Users/manishkumarpandey/.m2/repository/org/springframework/spring-aop/6.2.2/spring-aop-6.2.2.jar:/Users/manishkumarpandey/.m2/repository/org/springframework/spring-context/6.2.2/spring-context-6.2.2.jar:/Users/manishkumarpandey/.m2/repository/org/springframework/spring-expression/6.2.2/spring-expression-6.2.2.jar:/Users/manishkumarpandey/.m2/repository/org/apache/camel/springboot/camel-spring-boot-starter/4.9.0/camel-spring-boot-starter-4.9.0.jar:/Users/manishkumarpandey/.m2/repository/org/apache/camel/springboot/camel-spring-boot/4.9.0/camel-spring-boot-4.9.0.jar:/Users/manishkumarpandey/.m2/repository/org/apache/camel/camel-spring/4.9.0/camel-spring-4.9.0.jar:/Users/manishkumarpandey/.m2/repository/org/apache/camel/camel-management-api/4.9.0/camel-management-api-4.9.0.jar:/Users/manishkumarpandey/.m2/repository/org/springframework/spring-tx/6.2.2/spring-tx-6.2.2.jar:/Users/manishkumarpandey/.m2/repository/org/apache/camel/camel-spring-main/4.9.0/camel-spring-main-4.9.0.jar:/Users/manishkumarpandey/.m2/repository/org/apache/camel/camel-main/4.9.0/camel-main-4.9.0.jar:/Users/manishkumarpandey/.m2/repository/org/apache/camel/camel-base/4.9.0/camel-base-4.9.0.jar:/Users/manishkumarpandey/.m2/repository/org/apache/camel/camel-core-languages/4.9.0/camel-core-languages-4.9.0.jar:/Users/manishkumarpandey/.m2/repository/org/apache/camel/camel-util-json/4.9.0/camel-util-json-4.9.0.jar:/Users/manishkumarpandey/.m2/repository/org/apache/camel/camel-cloud/4.9.0/camel-cloud-4.9.0.jar:/Users/manishkumarpandey/.m2/repository/org/apache/camel/camel-core-model/4.9.0/camel-core-model-4.9.0.jar:/Users/manishkumarpandey/.m2/repository/org/apache/camel/camel-core-processor/4.9.0/camel-core-processor-4.9.0.jar:/Users/manishkumarpandey/.m2/repository/org/apache/camel/camel-cluster/4.9.0/camel-cluster-4.9.0.jar:/Users/manishkumarpandey/.m2/repository/org/apache/camel/camel-base-engine/4.9.0/camel-base-engine-4.9.0.jar:/Users/manishkumarpandey/.m2/repository/org/apache/camel/camel-health/4.9.0/camel-health-4.9.0.jar:/Users/manishkumarpandey/.m2/repository/org/apache/camel/springboot/camel-core-starter/4.9.0/camel-core-starter-4.9.0.jar:/Users/manishkumarpandey/.m2/repository/org/apache/camel/camel-core-engine/4.9.0/camel-core-engine-4.9.0.jar:/Users/manishkumarpandey/.m2/repository/org/apache/camel/camel-api/4.9.0/camel-api-4.9.0.jar:/Users/manishkumarpandey/.m2/repository/org/apache/camel/camel-core-reifier/4.9.0/camel-core-reifier-4.9.0.jar:/Users/manishkumarpandey/.m2/repository/org/apache/camel/camel-support/4.9.0/camel-support-4.9.0.jar:/Users/manishkumarpandey/.m2/repository/org/apache/camel/camel-util/4.9.0/camel-util-4.9.0.jar:/Users/manishkumarpandey/.m2/repository/org/apache/camel/springboot/camel-bean-starter/4.9.0/camel-bean-starter-4.9.0.jar:/Users/manishkumarpandey/.m2/repository/org/apache/camel/camel-bean/4.9.0/camel-bean-4.9.0.jar:/Users/manishkumarpandey/.m2/repository/org/apache/camel/springboot/camel-browse-starter/4.9.0/camel-browse-starter-4.9.0.jar:/Users/manishkumarpandey/.m2/repository/org/apache/camel/camel-browse/4.9.0/camel-browse-4.9.0.jar:/Users/manishkumarpandey/.m2/repository/org/apache/camel/springboot/camel-controlbus-starter/4.9.0/camel-controlbus-starter-4.9.0.jar:/Users/manishkumarpandey/.m2/repository/org/apache/camel/camel-controlbus/4.9.0/camel-controlbus-4.9.0.jar:/Users/manishkumarpandey/.m2/repository/org/apache/camel/springboot/camel-dataformat-starter/4.9.0/camel-dataformat-starter-4.9.0.jar:/Users/manishkumarpandey/.m2/repository/org/apache/camel/camel-dataformat/4.9.0/camel-dataformat-4.9.0.jar:/Users/manishkumarpandey/.m2/repository/org/apache/camel/springboot/camel-dataset-starter/4.9.0/camel-dataset-starter-4.9.0.jar:/Users/manishkumarpandey/.m2/repository/org/apache/camel/camel-dataset/4.9.0/camel-dataset-4.9.0.jar:/Users/manishkumarpandey/.m2/repository/org/apache/camel/springboot/camel-direct-starter/4.9.0/camel-direct-starter-4.9.0.jar:/Users/manishkumarpandey/.m2/repository/org/apache/camel/camel-direct/4.9.0/camel-direct-4.9.0.jar:/Users/manishkumarpandey/.m2/repository/org/apache/camel/springboot/camel-file-starter/4.9.0/camel-file-starter-4.9.0.jar:/Users/manishkumarpandey/.m2/repository/org/apache/camel/camel-file/4.9.0/camel-file-4.9.0.jar:/Users/manishkumarpandey/.m2/repository/commons-codec/commons-codec/1.17.2/commons-codec-1.17.2.jar:/Users/manishkumarpandey/.m2/repository/org/apache/camel/springboot/camel-language-starter/4.9.0/camel-language-starter-4.9.0.jar:/Users/manishkumarpandey/.m2/repository/org/apache/camel/camel-language/4.9.0/camel-language-4.9.0.jar:/Users/manishkumarpandey/.m2/repository/org/apache/camel/springboot/camel-log-starter/4.9.0/camel-log-starter-4.9.0.jar:/Users/manishkumarpandey/.m2/repository/org/apache/camel/camel-log/4.9.0/camel-log-4.9.0.jar:/Users/manishkumarpandey/.m2/repository/org/apache/camel/springboot/camel-mock-starter/4.9.0/camel-mock-starter-4.9.0.jar:/Users/manishkumarpandey/.m2/repository/org/apache/camel/camel-mock/4.9.0/camel-mock-4.9.0.jar:/Users/manishkumarpandey/.m2/repository/org/apache/camel/springboot/camel-ref-starter/4.9.0/camel-ref-starter-4.9.0.jar:/Users/manishkumarpandey/.m2/repository/org/apache/camel/camel-ref/4.9.0/camel-ref-4.9.0.jar:/Users/manishkumarpandey/.m2/repository/org/apache/camel/springboot/camel-rest-starter/4.9.0/camel-rest-starter-4.9.0.jar:/Users/manishkumarpandey/.m2/repository/org/apache/camel/camel-rest/4.9.0/camel-rest-4.9.0.jar:/Users/manishkumarpandey/.m2/repository/org/apache/camel/camel-tooling-model/4.9.0/camel-tooling-model-4.9.0.jar:/Users/manishkumarpandey/.m2/repository/org/apache/camel/springboot/camel-saga-starter/4.9.0/camel-saga-starter-4.9.0.jar:/Users/manishkumarpandey/.m2/repository/org/apache/camel/camel-saga/4.9.0/camel-saga-4.9.0.jar:/Users/manishkumarpandey/.m2/repository/org/apache/camel/springboot/camel-scheduler-starter/4.9.0/camel-scheduler-starter-4.9.0.jar:/Users/manishkumarpandey/.m2/repository/org/apache/camel/camel-scheduler/4.9.0/camel-scheduler-4.9.0.jar:/Users/manishkumarpandey/.m2/repository/org/apache/camel/springboot/camel-seda-starter/4.9.0/camel-seda-starter-4.9.0.jar:/Users/manishkumarpandey/.m2/repository/org/apache/camel/camel-seda/4.9.0/camel-seda-4.9.0.jar:/Users/manishkumarpandey/.m2/repository/org/apache/camel/springboot/camel-stub-starter/4.9.0/camel-stub-starter-4.9.0.jar:/Users/manishkumarpandey/.m2/repository/org/apache/camel/camel-stub/4.9.0/camel-stub-4.9.0.jar:/Users/manishkumarpandey/.m2/repository/org/apache/camel/springboot/camel-timer-starter/4.9.0/camel-timer-starter-4.9.0.jar:/Users/manishkumarpandey/.m2/repository/org/apache/camel/camel-timer/4.9.0/camel-timer-4.9.0.jar:/Users/manishkumarpandey/.m2/repository/org/apache/camel/springboot/camel-validator-starter/4.9.0/camel-validator-starter-4.9.0.jar:/Users/manishkumarpandey/.m2/repository/org/apache/camel/camel-validator/4.9.0/camel-validator-4.9.0.jar:/Users/manishkumarpandey/.m2/repository/org/apache/camel/springboot/camel-xpath-starter/4.9.0/camel-xpath-starter-4.9.0.jar:/Users/manishkumarpandey/.m2/repository/org/apache/camel/camel-xpath/4.9.0/camel-xpath-4.9.0.jar:/Users/manishkumarpandey/.m2/repository/org/apache/camel/springboot/camel-xslt-starter/4.9.0/camel-xslt-starter-4.9.0.jar:/Users/manishkumarpandey/.m2/repository/org/apache/camel/camel-xslt/4.9.0/camel-xslt-4.9.0.jar:/Users/manishkumarpandey/.m2/repository/org/apache/camel/springboot/camel-xml-jaxp-starter/4.9.0/camel-xml-jaxp-starter-4.9.0.jar:/Users/manishkumarpandey/.m2/repository/org/apache/camel/camel-xml-jaxp/4.9.0/camel-xml-jaxp-4.9.0.jar:/Users/manishkumarpandey/.m2/repository/org/apache/camel/camel-xml-jaxp-util/4.9.0/camel-xml-jaxp-util-4.9.0.jar:/Users/manishkumarpandey/.m2/repository/org/apache/camel/camel-xml-io-util/4.9.0/camel-xml-io-util-4.9.0.jar:/Users/manishkumarpandey/.m2/repository/org/springframework/boot/spring-boot-devtools/3.4.2/spring-boot-devtools-3.4.2.jar:/Users/manishkumarpandey/.m2/repository/org/springframework/boot/spring-boot/3.4.2/spring-boot-3.4.2.jar:/Users/manishkumarpandey/.m2/repository/org/springframework/boot/spring-boot-autoconfigure/3.4.2/spring-boot-autoconfigure-3.4.2.jar:/Users/manishkumarpandey/.m2/repository/org/springframework/boot/spring-boot-starter-test/3.4.2/spring-boot-starter-test-3.4.2.jar:/Users/manishkumarpandey/.m2/repository/org/springframework/boot/spring-boot-test/3.4.2/spring-boot-test-3.4.2.jar:/Users/manishkumarpandey/.m2/repository/org/springframework/boot/spring-boot-test-autoconfigure/3.4.2/spring-boot-test-autoconfigure-3.4.2.jar:/Users/manishkumarpandey/.m2/repository/com/jayway/jsonpath/json-path/2.9.0/json-path-2.9.0.jar:/Users/manishkumarpandey/.m2/repository/org/slf4j/slf4j-api/2.0.16/slf4j-api-2.0.16.jar:/Users/manishkumarpandey/.m2/repository/jakarta/xml/bind/jakarta.xml.bind-api/4.0.2/jakarta.xml.bind-api-4.0.2.jar:/Users/manishkumarpandey/.m2/repository/jakarta/activation/jakarta.activation-api/2.1.3/jakarta.activation-api-2.1.3.jar:/Users/manishkumarpandey/.m2/repository/net/minidev/json-smart/2.5.1/json-smart-2.5.1.jar:/Users/manishkumarpandey/.m2/repository/net/minidev/accessors-smart/2.5.1/accessors-smart-2.5.1.jar:/Users/manishkumarpandey/.m2/repository/org/ow2/asm/asm/9.6/asm-9.6.jar:/Users/manishkumarpandey/.m2/repository/org/assertj/assertj-core/3.26.3/assertj-core-3.26.3.jar:/Users/manishkumarpandey/.m2/repository/net/bytebuddy/byte-buddy/1.15.11/byte-buddy-1.15.11.jar:/Users/manishkumarpandey/.m2/repository/org/awaitility/awaitility/4.2.2/awaitility-4.2.2.jar:/Users/manishkumarpandey/.m2/repository/org/hamcrest/hamcrest/2.2/hamcrest-2.2.jar:/Users/manishkumarpandey/.m2/repository/org/junit/jupiter/junit-jupiter/5.11.4/junit-jupiter-5.11.4.jar:/Users/manishkumarpandey/.m2/repository/org/junit/jupiter/junit-jupiter-api/5.11.4/junit-jupiter-api-5.11.4.jar:/Users/manishkumarpandey/.m2/repository/org/opentest4j/opentest4j/1.3.0/opentest4j-1.3.0.jar:/Users/manishkumarpandey/.m2/repository/org/junit/platform/junit-platform-commons/1.11.4/junit-platform-commons-1.11.4.jar:/Users/manishkumarpandey/.m2/repository/org/apiguardian/apiguardian-api/1.1.2/apiguardian-api-1.1.2.jar:/Users/manishkumarpandey/.m2/repository/org/junit/jupiter/junit-jupiter-params/5.11.4/junit-jupiter-params-5.11.4.jar:/Users/manishkumarpandey/.m2/repository/org/junit/jupiter/junit-jupiter-engine/5.11.4/junit-jupiter-engine-5.11.4.jar:/Users/manishkumarpandey/.m2/repository/org/junit/platform/junit-platform-engine/1.11.4/junit-platform-engine-1.11.4.jar:/Users/manishkumarpandey/.m2/repository/org/mockito/mockito-core/5.14.2/mockito-core-5.14.2.jar:/Users/manishkumarpandey/.m2/repository/net/bytebuddy/byte-buddy-agent/1.15.11/byte-buddy-agent-1.15.11.jar:/Users/manishkumarpandey/.m2/repository/org/objenesis/objenesis/3.3/objenesis-3.3.jar:/Users/manishkumarpandey/.m2/repository/org/mockito/mockito-junit-jupiter/5.14.2/mockito-junit-jupiter-5.14.2.jar:/Users/manishkumarpandey/.m2/repository/org/skyscreamer/jsonassert/1.5.3/jsonassert-1.5.3.jar:/Users/manishkumarpandey/.m2/repository/com/vaadin/external/google/android-json/0.0.20131108.vaadin1/android-json-0.0.20131108.vaadin1.jar:/Users/manishkumarpandey/.m2/repository/org/springframework/spring-core/6.2.2/spring-core-6.2.2.jar:/Users/manishkumarpandey/.m2/repository/org/springframework/spring-jcl/6.2.2/spring-jcl-6.2.2.jar:/Users/manishkumarpandey/.m2/repository/org/springframework/spring-test/6.2.2/spring-test-6.2.2.jar:/Users/manishkumarpandey/.m2/repository/org/xmlunit/xmlunit-core/2.10.0/xmlunit-core-2.10.0.jar:"/>
    <property name="java.vm.vendor" value="Azul Systems, Inc."/>
    <property name="sun.arch.data.model" value="64"/>
    <property name="java.vendor.url" value="http://www.azul.com/"/>
    <property name="user.timezone" value="Asia/Kolkata"/>
    <property name="os.name" value="Mac OS X"/>
    <property name="java.vm.specification.version" value="23"/>
    <property name="APPLICATION_NAME" value="camelLearn"/>
    <property name="sun.java.launcher" value="SUN_STANDARD"/>
    <property name="user.country" value="IN"/>
    <property name="sun.boot.library.path" value="/Users/manishkumarpandey/Library/Java/JavaVirtualMachines/azul-23.0.2/Contents/Home/lib"/>
    <property name="sun.java.command" value="/Users/manishkumarpandey/Desktop/projects/camel/camelLearn/target/surefire/surefirebooter-20250208171755496_3.jar /Users/manishkumarpandey/Desktop/projects/camel/camelLearn/target/surefire 2025-02-08T17-17-55_450-jvmRun1 surefire-20250208171755496_1tmp surefire_0-20250208171755496_2tmp"/>
    <property name="http.nonProxyHosts" value="local|*.local|169.254/16|*.169.254/16"/>
    <property name="jdk.debug" value="release"/>
    <property name="surefire.test.class.path" value="/Users/manishkumarpandey/Desktop/projects/camel/camelLearn/target/test-classes:/Users/manishkumarpandey/Desktop/projects/camel/camelLearn/target/classes:/Users/manishkumarpandey/.m2/repository/org/springframework/boot/spring-boot-starter-actuator/3.4.2/spring-boot-starter-actuator-3.4.2.jar:/Users/manishkumarpandey/.m2/repository/org/springframework/boot/spring-boot-starter/3.4.2/spring-boot-starter-3.4.2.jar:/Users/manishkumarpandey/.m2/repository/org/springframework/boot/spring-boot-starter-logging/3.4.2/spring-boot-starter-logging-3.4.2.jar:/Users/manishkumarpandey/.m2/repository/ch/qos/logback/logback-classic/1.5.16/logback-classic-1.5.16.jar:/Users/manishkumarpandey/.m2/repository/ch/qos/logback/logback-core/1.5.16/logback-core-1.5.16.jar:/Users/manishkumarpandey/.m2/repository/org/apache/logging/log4j/log4j-to-slf4j/2.24.3/log4j-to-slf4j-2.24.3.jar:/Users/manishkumarpandey/.m2/repository/org/apache/logging/log4j/log4j-api/2.24.3/log4j-api-2.24.3.jar:/Users/manishkumarpandey/.m2/repository/org/slf4j/jul-to-slf4j/2.0.16/jul-to-slf4j-2.0.16.jar:/Users/manishkumarpandey/.m2/repository/jakarta/annotation/jakarta.annotation-api/2.1.1/jakarta.annotation-api-2.1.1.jar:/Users/manishkumarpandey/.m2/repository/org/yaml/snakeyaml/2.3/snakeyaml-2.3.jar:/Users/manishkumarpandey/.m2/repository/org/springframework/boot/spring-boot-actuator-autoconfigure/3.4.2/spring-boot-actuator-autoconfigure-3.4.2.jar:/Users/manishkumarpandey/.m2/repository/org/springframework/boot/spring-boot-actuator/3.4.2/spring-boot-actuator-3.4.2.jar:/Users/manishkumarpandey/.m2/repository/com/fasterxml/jackson/core/jackson-databind/2.18.2/jackson-databind-2.18.2.jar:/Users/manishkumarpandey/.m2/repository/com/fasterxml/jackson/core/jackson-annotations/2.18.2/jackson-annotations-2.18.2.jar:/Users/manishkumarpandey/.m2/repository/com/fasterxml/jackson/core/jackson-core/2.18.2/jackson-core-2.18.2.jar:/Users/manishkumarpandey/.m2/repository/com/fasterxml/jackson/datatype/jackson-datatype-jsr310/2.18.2/jackson-datatype-jsr310-2.18.2.jar:/Users/manishkumarpandey/.m2/repository/io/micrometer/micrometer-observation/1.14.3/micrometer-observation-1.14.3.jar:/Users/manishkumarpandey/.m2/repository/io/micrometer/micrometer-commons/1.14.3/micrometer-commons-1.14.3.jar:/Users/manishkumarpandey/.m2/repository/io/micrometer/micrometer-jakarta9/1.14.3/micrometer-jakarta9-1.14.3.jar:/Users/manishkumarpandey/.m2/repository/io/micrometer/micrometer-core/1.14.3/micrometer-core-1.14.3.jar:/Users/manishkumarpandey/.m2/repository/org/hdrhistogram/HdrHistogram/2.2.2/HdrHistogram-2.2.2.jar:/Users/manishkumarpandey/.m2/repository/org/latencyutils/LatencyUtils/2.0.3/LatencyUtils-2.0.3.jar:/Users/manishkumarpandey/.m2/repository/org/springframework/boot/spring-boot-starter-web/3.4.2/spring-boot-starter-web-3.4.2.jar:/Users/manishkumarpandey/.m2/repository/org/springframework/boot/spring-boot-starter-json/3.4.2/spring-boot-starter-json-3.4.2.jar:/Users/manishkumarpandey/.m2/repository/com/fasterxml/jackson/datatype/jackson-datatype-jdk8/2.18.2/jackson-datatype-jdk8-2.18.2.jar:/Users/manishkumarpandey/.m2/repository/com/fasterxml/jackson/module/jackson-module-parameter-names/2.18.2/jackson-module-parameter-names-2.18.2.jar:/Users/manishkumarpandey/.m2/repository/org/springframework/boot/spring-boot-starter-tomcat/3.4.2/spring-boot-starter-tomcat-3.4.2.jar:/Users/manishkumarpandey/.m2/repository/org/apache/tomcat/embed/tomcat-embed-core/10.1.34/tomcat-embed-core-10.1.34.jar:/Users/manishkumarpandey/.m2/repository/org/apache/tomcat/embed/tomcat-embed-el/10.1.34/tomcat-embed-el-10.1.34.jar:/Users/manishkumarpandey/.m2/repository/org/apache/tomcat/embed/tomcat-embed-websocket/10.1.34/tomcat-embed-websocket-10.1.34.jar:/Users/manishkumarpandey/.m2/repository/org/springframework/spring-web/6.2.2/spring-web-6.2.2.jar:/Users/manishkumarpandey/.m2/repository/org/springframework/spring-beans/6.2.2/spring-beans-6.2.2.jar:/Users/manishkumarpandey/.m2/repository/org/springframework/spring-webmvc/6.2.2/spring-webmvc-6.2.2.jar:/Users/manishkumarpandey/.m2/repository/org/springframework/spring-aop/6.2.2/spring-aop-6.2.2.jar:/Users/manishkumarpandey/.m2/repository/org/springframework/spring-context/6.2.2/spring-context-6.2.2.jar:/Users/manishkumarpandey/.m2/repository/org/springframework/spring-expression/6.2.2/spring-expression-6.2.2.jar:/Users/manishkumarpandey/.m2/repository/org/apache/camel/springboot/camel-spring-boot-starter/4.9.0/camel-spring-boot-starter-4.9.0.jar:/Users/manishkumarpandey/.m2/repository/org/apache/camel/springboot/camel-spring-boot/4.9.0/camel-spring-boot-4.9.0.jar:/Users/manishkumarpandey/.m2/repository/org/apache/camel/camel-spring/4.9.0/camel-spring-4.9.0.jar:/Users/manishkumarpandey/.m2/repository/org/apache/camel/camel-management-api/4.9.0/camel-management-api-4.9.0.jar:/Users/manishkumarpandey/.m2/repository/org/springframework/spring-tx/6.2.2/spring-tx-6.2.2.jar:/Users/manishkumarpandey/.m2/repository/org/apache/camel/camel-spring-main/4.9.0/camel-spring-main-4.9.0.jar:/Users/manishkumarpandey/.m2/repository/org/apache/camel/camel-main/4.9.0/camel-main-4.9.0.jar:/Users/manishkumarpandey/.m2/repository/org/apache/camel/camel-base/4.9.0/camel-base-4.9.0.jar:/Users/manishkumarpandey/.m2/repository/org/apache/camel/camel-core-languages/4.9.0/camel-core-languages-4.9.0.jar:/Users/manishkumarpandey/.m2/repository/org/apache/camel/camel-util-json/4.9.0/camel-util-json-4.9.0.jar:/Users/manishkumarpandey/.m2/repository/org/apache/camel/camel-cloud/4.9.0/camel-cloud-4.9.0.jar:/Users/manishkumarpandey/.m2/repository/org/apache/camel/camel-core-model/4.9.0/camel-core-model-4.9.0.jar:/Users/manishkumarpandey/.m2/repository/org/apache/camel/camel-core-processor/4.9.0/camel-core-processor-4.9.0.jar:/Users/manishkumarpandey/.m2/repository/org/apache/camel/camel-cluster/4.9.0/camel-cluster-4.9.0.jar:/Users/manishkumarpandey/.m2/repository/org/apache/camel/camel-base-engine/4.9.0/camel-base-engine-4.9.0.jar:/Users/manishkumarpandey/.m2/repository/org/apache/camel/camel-health/4.9.0/camel-health-4.9.0.jar:/Users/manishkumarpandey/.m2/repository/org/apache/camel/springboot/camel-core-starter/4.9.0/camel-core-starter-4.9.0.jar:/Users/manishkumarpandey/.m2/repository/org/apache/camel/camel-core-engine/4.9.0/camel-core-engine-4.9.0.jar:/Users/manishkumarpandey/.m2/repository/org/apache/camel/camel-api/4.9.0/camel-api-4.9.0.jar:/Users/manishkumarpandey/.m2/repository/org/apache/camel/camel-core-reifier/4.9.0/camel-core-reifier-4.9.0.jar:/Users/manishkumarpandey/.m2/repository/org/apache/camel/camel-support/4.9.0/camel-support-4.9.0.jar:/Users/manishkumarpandey/.m2/repository/org/apache/camel/camel-util/4.9.0/camel-util-4.9.0.jar:/Users/manishkumarpandey/.m2/repository/org/apache/camel/springboot/camel-bean-starter/4.9.0/camel-bean-starter-4.9.0.jar:/Users/manishkumarpandey/.m2/repository/org/apache/camel/camel-bean/4.9.0/camel-bean-4.9.0.jar:/Users/manishkumarpandey/.m2/repository/org/apache/camel/springboot/camel-browse-starter/4.9.0/camel-browse-starter-4.9.0.jar:/Users/manishkumarpandey/.m2/repository/org/apache/camel/camel-browse/4.9.0/camel-browse-4.9.0.jar:/Users/manishkumarpandey/.m2/repository/org/apache/camel/springboot/camel-controlbus-starter/4.9.0/camel-controlbus-starter-4.9.0.jar:/Users/manishkumarpandey/.m2/repository/org/apache/camel/camel-controlbus/4.9.0/camel-controlbus-4.9.0.jar:/Users/manishkumarpandey/.m2/repository/org/apache/camel/springboot/camel-dataformat-starter/4.9.0/camel-dataformat-starter-4.9.0.jar:/Users/manishkumarpandey/.m2/repository/org/apache/camel/camel-dataformat/4.9.0/camel-dataformat-4.9.0.jar:/Users/manishkumarpandey/.m2/repository/org/apache/camel/springboot/camel-dataset-starter/4.9.0/camel-dataset-starter-4.9.0.jar:/Users/manishkumarpandey/.m2/repository/org/apache/camel/camel-dataset/4.9.0/camel-dataset-4.9.0.jar:/Users/manishkumarpandey/.m2/repository/org/apache/camel/springboot/camel-direct-starter/4.9.0/camel-direct-starter-4.9.0.jar:/Users/manishkumarpandey/.m2/repository/org/apache/camel/camel-direct/4.9.0/camel-direct-4.9.0.jar:/Users/manishkumarpandey/.m2/repository/org/apache/camel/springboot/camel-file-starter/4.9.0/camel-file-starter-4.9.0.jar:/Users/manishkumarpandey/.m2/repository/org/apache/camel/camel-file/4.9.0/camel-file-4.9.0.jar:/Users/manishkumarpandey/.m2/repository/commons-codec/commons-codec/1.17.2/commons-codec-1.17.2.jar:/Users/manishkumarpandey/.m2/repository/org/apache/camel/springboot/camel-language-starter/4.9.0/camel-language-starter-4.9.0.jar:/Users/manishkumarpandey/.m2/repository/org/apache/camel/camel-language/4.9.0/camel-language-4.9.0.jar:/Users/manishkumarpandey/.m2/repository/org/apache/camel/springboot/camel-log-starter/4.9.0/camel-log-starter-4.9.0.jar:/Users/manishkumarpandey/.m2/repository/org/apache/camel/camel-log/4.9.0/camel-log-4.9.0.jar:/Users/manishkumarpandey/.m2/repository/org/apache/camel/springboot/camel-mock-starter/4.9.0/camel-mock-starter-4.9.0.jar:/Users/manishkumarpandey/.m2/repository/org/apache/camel/camel-mock/4.9.0/camel-mock-4.9.0.jar:/Users/manishkumarpandey/.m2/repository/org/apache/camel/springboot/camel-ref-starter/4.9.0/camel-ref-starter-4.9.0.jar:/Users/manishkumarpandey/.m2/repository/org/apache/camel/camel-ref/4.9.0/camel-ref-4.9.0.jar:/Users/manishkumarpandey/.m2/repository/org/apache/camel/springboot/camel-rest-starter/4.9.0/camel-rest-starter-4.9.0.jar:/Users/manishkumarpandey/.m2/repository/org/apache/camel/camel-rest/4.9.0/camel-rest-4.9.0.jar:/Users/manishkumarpandey/.m2/repository/org/apache/camel/camel-tooling-model/4.9.0/camel-tooling-model-4.9.0.jar:/Users/manishkumarpandey/.m2/repository/org/apache/camel/springboot/camel-saga-starter/4.9.0/camel-saga-starter-4.9.0.jar:/Users/manishkumarpandey/.m2/repository/org/apache/camel/camel-saga/4.9.0/camel-saga-4.9.0.jar:/Users/manishkumarpandey/.m2/repository/org/apache/camel/springboot/camel-scheduler-starter/4.9.0/camel-scheduler-starter-4.9.0.jar:/Users/manishkumarpandey/.m2/repository/org/apache/camel/camel-scheduler/4.9.0/camel-scheduler-4.9.0.jar:/Users/manishkumarpandey/.m2/repository/org/apache/camel/springboot/camel-seda-starter/4.9.0/camel-seda-starter-4.9.0.jar:/Users/manishkumarpandey/.m2/repository/org/apache/camel/camel-seda/4.9.0/camel-seda-4.9.0.jar:/Users/manishkumarpandey/.m2/repository/org/apache/camel/springboot/camel-stub-starter/4.9.0/camel-stub-starter-4.9.0.jar:/Users/manishkumarpandey/.m2/repository/org/apache/camel/camel-stub/4.9.0/camel-stub-4.9.0.jar:/Users/manishkumarpandey/.m2/repository/org/apache/camel/springboot/camel-timer-starter/4.9.0/camel-timer-starter-4.9.0.jar:/Users/manishkumarpandey/.m2/repository/org/apache/camel/camel-timer/4.9.0/camel-timer-4.9.0.jar:/Users/manishkumarpandey/.m2/repository/org/apache/camel/springboot/camel-validator-starter/4.9.0/camel-validator-starter-4.9.0.jar:/Users/manishkumarpandey/.m2/repository/org/apache/camel/camel-validator/4.9.0/camel-validator-4.9.0.jar:/Users/manishkumarpandey/.m2/repository/org/apache/camel/springboot/camel-xpath-starter/4.9.0/camel-xpath-starter-4.9.0.jar:/Users/manishkumarpandey/.m2/repository/org/apache/camel/camel-xpath/4.9.0/camel-xpath-4.9.0.jar:/Users/manishkumarpandey/.m2/repository/org/apache/camel/springboot/camel-xslt-starter/4.9.0/camel-xslt-starter-4.9.0.jar:/Users/manishkumarpandey/.m2/repository/org/apache/camel/camel-xslt/4.9.0/camel-xslt-4.9.0.jar:/Users/manishkumarpandey/.m2/repository/org/apache/camel/springboot/camel-xml-jaxp-starter/4.9.0/camel-xml-jaxp-starter-4.9.0.jar:/Users/manishkumarpandey/.m2/repository/org/apache/camel/camel-xml-jaxp/4.9.0/camel-xml-jaxp-4.9.0.jar:/Users/manishkumarpandey/.m2/repository/org/apache/camel/camel-xml-jaxp-util/4.9.0/camel-xml-jaxp-util-4.9.0.jar:/Users/manishkumarpandey/.m2/repository/org/apache/camel/camel-xml-io-util/4.9.0/camel-xml-io-util-4.9.0.jar:/Users/manishkumarpandey/.m2/repository/org/springframework/boot/spring-boot-devtools/3.4.2/spring-boot-devtools-3.4.2.jar:/Users/manishkumarpandey/.m2/repository/org/springframework/boot/spring-boot/3.4.2/spring-boot-3.4.2.jar:/Users/manishkumarpandey/.m2/repository/org/springframework/boot/spring-boot-autoconfigure/3.4.2/spring-boot-autoconfigure-3.4.2.jar:/Users/manishkumarpandey/.m2/repository/org/springframework/boot/spring-boot-starter-test/3.4.2/spring-boot-starter-test-3.4.2.jar:/Users/manishkumarpandey/.m2/repository/org/springframework/boot/spring-boot-test/3.4.2/spring-boot-test-3.4.2.jar:/Users/manishkumarpandey/.m2/repository/org/springframework/boot/spring-boot-test-autoconfigure/3.4.2/spring-boot-test-autoconfigure-3.4.2.jar:/Users/manishkumarpandey/.m2/repository/com/jayway/jsonpath/json-path/2.9.0/json-path-2.9.0.jar:/Users/manishkumarpandey/.m2/repository/org/slf4j/slf4j-api/2.0.16/slf4j-api-2.0.16.jar:/Users/manishkumarpandey/.m2/repository/jakarta/xml/bind/jakarta.xml.bind-api/4.0.2/jakarta.xml.bind-api-4.0.2.jar:/Users/manishkumarpandey/.m2/repository/jakarta/activation/jakarta.activation-api/2.1.3/jakarta.activation-api-2.1.3.jar:/Users/manishkumarpandey/.m2/repository/net/minidev/json-smart/2.5.1/json-smart-2.5.1.jar:/Users/manishkumarpandey/.m2/repository/net/minidev/accessors-smart/2.5.1/accessors-smart-2.5.1.jar:/Users/manishkumarpandey/.m2/repository/org/ow2/asm/asm/9.6/asm-9.6.jar:/Users/manishkumarpandey/.m2/repository/org/assertj/assertj-core/3.26.3/assertj-core-3.26.3.jar:/Users/manishkumarpandey/.m2/repository/net/bytebuddy/byte-buddy/1.15.11/byte-buddy-1.15.11.jar:/Users/manishkumarpandey/.m2/repository/org/awaitility/awaitility/4.2.2/awaitility-4.2.2.jar:/Users/manishkumarpandey/.m2/repository/org/hamcrest/hamcrest/2.2/hamcrest-2.2.jar:/Users/manishkumarpandey/.m2/repository/org/junit/jupiter/junit-jupiter/5.11.4/junit-jupiter-5.11.4.jar:/Users/manishkumarpandey/.m2/repository/org/junit/jupiter/junit-jupiter-api/5.11.4/junit-jupiter-api-5.11.4.jar:/Users/manishkumarpandey/.m2/repository/org/opentest4j/opentest4j/1.3.0/opentest4j-1.3.0.jar:/Users/manishkumarpandey/.m2/repository/org/junit/platform/junit-platform-commons/1.11.4/junit-platform-commons-1.11.4.jar:/Users/manishkumarpandey/.m2/repository/org/apiguardian/apiguardian-api/1.1.2/apiguardian-api-1.1.2.jar:/Users/manishkumarpandey/.m2/repository/org/junit/jupiter/junit-jupiter-params/5.11.4/junit-jupiter-params-5.11.4.jar:/Users/manishkumarpandey/.m2/repository/org/junit/jupiter/junit-jupiter-engine/5.11.4/junit-jupiter-engine-5.11.4.jar:/Users/manishkumarpandey/.m2/repository/org/junit/platform/junit-platform-engine/1.11.4/junit-platform-engine-1.11.4.jar:/Users/manishkumarpandey/.m2/repository/org/mockito/mockito-core/5.14.2/mockito-core-5.14.2.jar:/Users/manishkumarpandey/.m2/repository/net/bytebuddy/byte-buddy-agent/1.15.11/byte-buddy-agent-1.15.11.jar:/Users/manishkumarpandey/.m2/repository/org/objenesis/objenesis/3.3/objenesis-3.3.jar:/Users/manishkumarpandey/.m2/repository/org/mockito/mockito-junit-jupiter/5.14.2/mockito-junit-jupiter-5.14.2.jar:/Users/manishkumarpandey/.m2/repository/org/skyscreamer/jsonassert/1.5.3/jsonassert-1.5.3.jar:/Users/manishkumarpandey/.m2/repository/com/vaadin/external/google/android-json/0.0.20131108.vaadin1/android-json-0.0.20131108.vaadin1.jar:/Users/manishkumarpandey/.m2/repository/org/springframework/spring-core/6.2.2/spring-core-6.2.2.jar:/Users/manishkumarpandey/.m2/repository/org/springframework/spring-jcl/6.2.2/spring-jcl-6.2.2.jar:/Users/manishkumarpandey/.m2/repository/org/springframework/spring-test/6.2.2/spring-test-6.2.2.jar:/Users/manishkumarpandey/.m2/repository/org/xmlunit/xmlunit-core/2.10.0/xmlunit-core-2.10.0.jar:"/>
    <property name="sun.cpu.endian" value="little"/>
    <property name="user.home" value="/Users/manishkumarpandey"/>
    <property name="user.language" value="en"/>
    <property name="java.specification.vendor" value="Oracle Corporation"/>
    <property name="java.version.date" value="2025-01-21"/>
    <property name="java.home" value="/Users/manishkumarpandey/Library/Java/JavaVirtualMachines/azul-23.0.2/Contents/Home"/>
    <property name="file.separator" value="/"/>
    <property name="basedir" value="/Users/manishkumarpandey/Desktop/projects/camel/camelLearn"/>
    <property name="java.vm.compressedOopsMode" value="Zero based"/>
    <property name="line.separator" value="&#10;"/>
    <property name="java.vm.specification.vendor" value="Oracle Corporation"/>
    <property name="java.specification.name" value="Java Platform API Specification"/>
    <property name="FILE_LOG_CHARSET" value="UTF-8"/>
    <property name="java.awt.headless" value="true"/>
    <property name="apple.awt.application.name" value="ForkedBooter"/>
    <property name="surefire.real.class.path" value="/Users/manishkumarpandey/Desktop/projects/camel/camelLearn/target/surefire/surefirebooter-20250208171755496_3.jar"/>
    <property name="sun.management.compiler" value="HotSpot 64-Bit Tiered Compilers"/>
    <property name="ftp.nonProxyHosts" value="local|*.local|169.254/16|*.169.254/16"/>
    <property name="java.runtime.version" value="23.0.2+7"/>
    <property name="user.name" value="manishkumarpandey"/>
    <property name="stdout.encoding" value="US-ASCII"/>
    <property name="path.separator" value=":"/>
    <property name="os.version" value="15.2"/>
    <property name="java.runtime.name" value="OpenJDK Runtime Environment"/>
    <property name="file.encoding" value="UTF-8"/>
    <property name="java.vm.name" value="OpenJDK 64-Bit Server VM"/>
    <property name="java.vendor.version" value="Zulu23.32+11-CA"/>
    <property name="localRepository" value="/Users/manishkumarpandey/.m2/repository"/>
    <property name="java.vendor.url.bug" value="http://www.azul.com/support/"/>
    <property name="java.io.tmpdir" value="/var/folders/xq/hs3nkpv566d3znn3xczml2080000gn/T/"/>
    <property name="idea.version" value="2024.1.6"/>
    <property name="java.version" value="23.0.2"/>
    <property name="user.dir" value="/Users/manishkumarpandey/Desktop/projects/camel/camelLearn"/>
    <property name="os.arch" value="aarch64"/>
    <property name="java.vm.specification.name" value="Java Virtual Machine Specification"/>
    <property name="PID" value="53166"/>
    <property name="CONSOLE_LOG_CHARSET" value="UTF-8"/>
    <property name="native.encoding" value="US-ASCII"/>
    <property name="java.library.path" value="/Users/manishkumarpandey/Library/Java/Extensions:/Library/Java/Extensions:/Network/Library/Java/Extensions:/System/Library/Java/Extensions:/usr/lib/java:."/>
    <property name="java.vm.info" value="mixed mode, sharing"/>
    <property name="stderr.encoding" value="US-ASCII"/>
    <property name="java.vendor" value="Azul Systems, Inc."/>
    <property name="java.vm.version" value="23.0.2+7"/>
    <property name="sun.io.unicode.encoding" value="UnicodeBig"/>
    <property name="socksNonProxyHosts" value="local|*.local|169.254/16|*.169.254/16"/>
    <property name="java.class.version" value="67.0"/>
    <property name="LOGGED_APPLICATION_NAME" value="[camelLearn] "/>
  </properties>
  <testcase name="contextLoads" classname="com.spring.camelLearn.CamelLearnApplicationTests" time="0.401">
    <system-out><![CDATA[17:17:56.000 [main] INFO org.springframework.test.context.support.AnnotationConfigContextLoaderUtils -- Could not detect default configuration classes for test class [com.spring.camelLearn.CamelLearnApplicationTests]: CamelLearnApplicationTests does not declare any static, non-private, non-final, nested classes annotated with @Configuration.
17:17:56.049 [main] INFO org.springframework.boot.test.context.SpringBootTestContextBootstrapper -- Found @SpringBootConfiguration com.spring.camelLearn.CamelLearnApplication for test class com.spring.camelLearn.CamelLearnApplicationTests
17:17:56.120 [main] INFO org.springframework.boot.devtools.restart.RestartApplicationListener -- Restart disabled due to context in which it is running

  .   ____          _            __ _ _
 /\\ / ___'_ __ _ _(_)_ __  __ _ \ \ \ \
( ( )\___ | '_ | '_| | '_ \/ _` | \ \ \ \
 \\/  ___)| |_)| | | | | || (_| |  ) ) ) )
  '  |____| .__|_| |_|_| |_\__, | / / / /
 =========|_|==============|___/=/_/_/_/

 :: Spring Boot ::                (v3.4.2)

2025-02-08T17:17:56.234+05:30  INFO 53166 --- [camelLearn] [           main] c.s.c.CamelLearnApplicationTests         : Starting CamelLearnApplicationTests using Java 23.0.2 with PID 53166 (started by manishkumarpandey in /Users/manishkumarpandey/Desktop/projects/camel/camelLearn)
2025-02-08T17:17:56.234+05:30  INFO 53166 --- [camelLearn] [           main] c.s.c.CamelLearnApplicationTests         : No active profile set, falling back to 1 default profile: "default"
2025-02-08T17:17:56.752+05:30  WARN 53166 --- [camelLearn] [           main] o.a.c.i.e.DefaultCamelBeanPostProcessor  : No CamelContext defined yet so cannot inject into bean: startupConditionStrategy
2025-02-08T17:17:57.139+05:30  INFO 53166 --- [camelLearn] [           main] o.s.b.a.e.web.EndpointLinksResolver      : Exposing 1 endpoint beneath base path '/actuator'
2025-02-08T17:17:57.280+05:30  INFO 53166 --- [camelLearn] [           main] o.a.c.impl.engine.AbstractCamelContext   : Apache Camel 4.9.0 (camel-1) is starting
2025-02-08T17:17:57.285+05:30  INFO 53166 --- [camelLearn] [           main] o.a.c.impl.engine.AbstractCamelContext   : Routes startup (total:2)
2025-02-08T17:17:57.285+05:30  INFO 53166 --- [camelLearn] [           main] o.a.c.impl.engine.AbstractCamelContext   :     Started route1 (timer://first-timer)
2025-02-08T17:17:57.285+05:30  INFO 53166 --- [camelLearn] [           main] o.a.c.impl.engine.AbstractCamelContext   :     Started route2 (file://files/input)
2025-02-08T17:17:57.285+05:30  INFO 53166 --- [camelLearn] [           main] o.a.c.impl.engine.AbstractCamelContext   : Apache Camel 4.9.0 (camel-1) started in 4ms (build:0ms init:0ms start:4ms boot:527ms)
2025-02-08T17:17:57.287+05:30  INFO 53166 --- [camelLearn] [           main] c.s.c.CamelLearnApplicationTests         : Started CamelLearnApplicationTests in 1.172 seconds (process running for 1.652)
]]></system-out>
    <system-err><![CDATA[Mockito is currently self-attaching to enable the inline-mock-maker. This will no longer work in future releases of the JDK. Please add Mockito as an agent to your build what is described in Mockito's documentation: https://javadoc.io/doc/org.mockito/mockito-core/latest/org/mockito/Mockito.html#0.3
WARNING: A Java agent has been loaded dynamically (/Users/manishkumarpandey/.m2/repository/net/bytebuddy/byte-buddy-agent/1.15.11/byte-buddy-agent-1.15.11.jar)
WARNING: If a serviceability tool is in use, please run with -XX:+EnableDynamicAgentLoading to hide this warning
WARNING: If a serviceability tool is not in use, please run with -Djdk.instrument.traceUsage for more information
WARNING: Dynamic loading of agents will be disallowed by default in a future release
]]></system-err>
  </testcase>
</testsuite>